<?xml version="1.0" encoding="UTF-8"?>
<testng-results ignored="0" total="2" passed="2" failed="0" skipped="0">
  <reporter-output>
  </reporter-output>
  <suite started-at="2024-06-05T17:27:27 IST" name="Default suite" finished-at="2024-06-05T17:28:40 IST" duration-ms="72606">
    <groups>
    </groups>
    <test started-at="2024-06-05T17:27:27 IST" name="Default test" finished-at="2024-06-05T17:28:40 IST" duration-ms="72606">
      <class name="responsiveTest.ResponsiveTest">
        <test-method is-config="true" signature="siteSearch()[pri:0, instance:responsiveTest.ResponsiveTest@248e319b]" started-at="2024-06-05T17:27:27 IST" name="siteSearch" finished-at="2024-06-05T17:27:46 IST" duration-ms="18590" status="PASS">
          <reporter-output>
          </reporter-output>
        </test-method> <!-- siteSearch -->
        <test-method signature="man()[pri:0, instance:responsiveTest.ResponsiveTest@248e319b]" started-at="2024-06-05T17:27:46 IST" name="man" finished-at="2024-06-05T17:28:04 IST" duration-ms="18235" status="PASS">
          <reporter-output>
          </reporter-output>
        </test-method> <!-- man -->
        <test-method is-config="true" signature="tearDown()[pri:0, instance:responsiveTest.ResponsiveTest@248e319b]" started-at="2024-06-05T17:28:04 IST" name="tearDown" finished-at="2024-06-05T17:28:05 IST" duration-ms="546" status="PASS">
          <reporter-output>
          </reporter-output>
        </test-method> <!-- tearDown -->
        <test-method is-config="true" signature="siteSearch()[pri:0, instance:responsiveTest.ResponsiveTest@248e319b]" started-at="2024-06-05T17:28:05 IST" name="siteSearch" finished-at="2024-06-05T17:28:21 IST" duration-ms="16463" status="PASS">
          <reporter-output>
          </reporter-output>
        </test-method> <!-- siteSearch -->
        <test-method signature="woman()[pri:0, instance:responsiveTest.ResponsiveTest@248e319b]" started-at="2024-06-05T17:28:21 IST" name="woman" finished-at="2024-06-05T17:28:39 IST" duration-ms="18144" status="PASS">
          <reporter-output>
          </reporter-output>
        </test-method> <!-- woman -->
        <test-method is-config="true" signature="tearDown()[pri:0, instance:responsiveTest.ResponsiveTest@248e319b]" started-at="2024-06-05T17:28:39 IST" name="tearDown" finished-at="2024-06-05T17:28:40 IST" duration-ms="559" status="PASS">
          <reporter-output>
          </reporter-output>
        </test-method> <!-- tearDown -->
      </class> <!-- responsiveTest.ResponsiveTest -->
    </test> <!-- Default test -->
  </suite> <!-- Default suite -->
</testng-results>
