<?xml version="1.0" encoding="UTF-8"?>
<testng-results ignored="0" total="1" passed="1" failed="0" skipped="0">
  <reporter-output>
  </reporter-output>
  <suite started-at="2024-06-17T17:54:49 IST" name="Default suite" finished-at="2024-06-17T17:56:51 IST" duration-ms="121764">
    <groups>
    </groups>
    <test started-at="2024-06-17T17:54:49 IST" name="Default test" finished-at="2024-06-17T17:56:51 IST" duration-ms="121764">
      <class name="iOSBlack.BlackTheme">
        <test-method signature="menTest()[pri:0, instance:iOSBlack.BlackTheme@479d31f3]" started-at="2024-06-17T17:54:49 IST" name="menTest" finished-at="2024-06-17T17:56:51 IST" duration-ms="121746" status="PASS">
          <reporter-output>
          </reporter-output>
        </test-method> <!-- menTest -->
      </class> <!-- iOSBlack.BlackTheme -->
    </test> <!-- Default test -->
  </suite> <!-- Default suite -->
</testng-results>
